<?xml version="1.0" encoding="UTF-8"?>
<testsuite xmlns:xsi="http://www.w3.org/2001/XMLSchema-instance" xsi:noNamespaceSchemaLocation="https://maven.apache.org/surefire/maven-surefire-plugin/xsd/surefire-test-report.xsd" name="com.distribuidos.AppTest" time="5.102" tests="2" errors="0" skipped="0" failures="0">
  <properties>
[...]
</properties>
  <testcase name="dataGeneratingTest" classname="com.distribuidos.AppTest" time="5.082"/>
  <testcase name="QAAlertTest" classname="com.distribuidos.AppTest" time="0"/>
</testsuite>